<?xml version="1.0" encoding="UTF-8"?>
<!-- Generated by org.testng.reporters.JUnitReportReporter -->
<testsuite hostname="DESKTOP-27UMDT5" failures="0" tests="3" name="MyTestCases" time="23.122" errors="0" timestamp="2023-11-22T13:33:52 EET" skipped="0">
  <testcase classname="MyTestCases" name="testOne" time="8.220"/>
  <system-out/>
  <testcase classname="MyTestCases" name="testTwo" time="7.434"/>
  <system-out/>
  <testcase classname="MyTestCases" name="testThree" time="7.468"/>
  <system-out/>
</testsuite> <!-- MyTestCases -->
